2026-04-20 01:09:11  api.phemex            INFO      Phemex: загружено 519 USDT perpetuals
2026-04-20 01:16:57  api.phemex            INFO      Phemex: загружено 519 USDT perpetuals
2026-04-20 01:20:13  api.phemex            INFO      Phemex: загружено 519 USDT perpetuals
2026-04-20 01:43:14  api.phemex            INFO      Phemex: загружено 519 USDT perpetuals
2026-04-20 01:54:04  api.phemex            INFO      Phemex: загружено 519 USDT perpetuals
2026-04-20 02:03:45  api.phemex            INFO      Phemex: загружено 519 USDT perpetuals
2026-04-20 02:03:53  api.phemex            ERROR     klines MOVEUSDT HTTP 400: {"code":30001,"msg":"Please try again later","data":null}
2026-04-20 02:03:54  api.phemex            ERROR     klines MEUSDT HTTP 400: {"code":30001,"msg":"Please try again later","data":null}
2026-04-20 02:03:54  api.phemex            ERROR     klines MOCAUSDT HTTP 400: {"code":30001,"msg":"Please try again later","data":null}
2026-04-20 02:03:54  api.phemex            ERROR     klines VANAUSDT HTTP 400: {"code":30001,"msg":"Please try again later","data":null}
2026-04-20 02:03:55  api.phemex            ERROR     klines SONICUSDT HTTP 400: {"code":30001,"msg":"Please try again later","data":null}
2026-04-20 02:03:55  api.phemex            ERROR     klines ANIMEUSDT HTTP 400: {"code":30001,"msg":"Please try again later","data":null}
2026-04-20 02:03:55  api.phemex            ERROR     klines VIRTUALUSDT HTTP 400: {"code":30001,"msg":"Please try again later","data":null}
2026-04-20 02:03:56  api.phemex            ERROR     klines JTOUSDT HTTP 400: {"code":30001,"msg":"Please try again later","data":null}
2026-04-20 02:03:56  api.phemex            ERROR     klines BERAUSDT HTTP 400: {"code":30001,"msg":"Please try again later","data":null}
2026-04-20 02:03:56  api.phemex            ERROR     klines LAYERUSDT HTTP 400: {"code":30001,"msg":"Please try again later","data":null}
2026-04-20 02:03:56  api.phemex            ERROR     klines TRUMPUSDT HTTP 400: {"code":30001,"msg":"Please try again later","data":null}
2026-04-20 02:03:57  api.phemex            ERROR     klines JTOUSDT HTTP 400: {"code":30001,"msg":"Please try again later","data":null}
2026-04-20 02:03:57  api.phemex            ERROR     klines ARKMUSDT HTTP 400: {"code":30001,"msg":"Please try again later","data":null}
2026-04-20 02:03:58  api.phemex            ERROR     klines COWUSDT HTTP 400: {"code":30001,"msg":"Please try again later","data":null}
2026-04-20 02:03:58  api.phemex            ERROR     klines KAITOUSDT HTTP 400: {"code":30001,"msg":"Please try again later","data":null}
2026-04-20 02:03:59  api.phemex            ERROR     klines ARKMUSDT HTTP 400: {"code":30001,"msg":"Please try again later","data":null}
2026-04-20 02:03:59  api.phemex            ERROR     klines ORCAUSDT HTTP 400: {"code":30001,"msg":"Please try again later","data":null}
2026-04-20 02:04:00  api.phemex            ERROR     klines WALUSDT HTTP 400: {"code":30001,"msg":"Please try again later","data":null}
2026-04-20 02:04:00  api.phemex            ERROR     klines COMPUSDT HTTP 400: {"code":30001,"msg":"Please try again later","data":null}
2026-04-20 02:04:00  api.phemex            ERROR     klines FILUSDT HTTP 400: {"code":30001,"msg":"Please try again later","data":null}
2026-04-20 02:04:01  api.phemex            ERROR     klines WCTUSDT HTTP 400: {"code":30001,"msg":"Please try again later","data":null}
2026-04-20 02:04:01  api.phemex            ERROR     klines SHELLUSDT HTTP 400: {"code":30001,"msg":"Please try again later","data":null}
2026-04-20 02:04:01  api.phemex            ERROR     klines DEEPUSDT HTTP 400: {"code":30001,"msg":"Please try again later","data":null}
2026-04-20 02:04:02  api.phemex            ERROR     klines SIGNUSDT HTTP 400: {"code":30001,"msg":"Please try again later","data":null}
2026-04-20 02:04:02  api.phemex            ERROR     klines TIAUSDT HTTP 400: {"code":30001,"msg":"Please try again later","data":null}
2026-04-20 02:04:02  api.phemex            ERROR     klines PENGUUSDT HTTP 400: {"code":30001,"msg":"Please try again later","data":null}
2026-04-20 02:04:03  api.phemex            ERROR     klines NXPCUSDT HTTP 400: {"code":30001,"msg":"Please try again later","data":null}
2026-04-20 02:04:03  api.phemex            ERROR     klines KERNELUSDT HTTP 400: {"code":30001,"msg":"Please try again later","data":null}
2026-04-20 02:04:04  api.phemex            ERROR     klines SOONUSDT HTTP 400: {"code":30001,"msg":"Please try again later","data":null}
2026-04-20 02:04:04  api.phemex            ERROR     klines HYPERUSDT HTTP 400: {"code":30001,"msg":"Please try again later","data":null}
2026-04-20 02:04:04  api.phemex            ERROR     klines SOPHUSDT HTTP 400: {"code":30001,"msg":"Please try again later","data":null}
2026-04-20 02:04:04  api.phemex            ERROR     klines LPTUSDT HTTP 400: {"code":30001,"msg":"Please try again later","data":null}
2026-04-20 02:04:05  api.phemex            ERROR     klines RVNUSDT HTTP 400: {"code":30001,"msg":"Please try again later","data":null}
2026-04-20 02:04:05  api.phemex            ERROR     klines LAUSDT HTTP 400: {"code":30001,"msg":"Please try again later","data":null}
2026-04-20 02:04:05  api.phemex            ERROR     klines AXLUSDT HTTP 400: {"code":30001,"msg":"Please try again later","data":null}
2026-04-20 02:04:06  api.phemex            ERROR     klines ALTUSDT HTTP 400: {"code":30001,"msg":"Please try again later","data":null}
2026-04-20 02:04:06  api.phemex            ERROR     klines HAEDALUSDT HTTP 400: {"code":30001,"msg":"Please try again later","data":null}
2026-04-20 02:04:07  api.phemex            ERROR     klines NEWTUSDT HTTP 400: {"code":30001,"msg":"Please try again later","data":null}
2026-04-20 02:04:07  api.phemex            ERROR     klines SAHARAUSDT HTTP 400: {"code":30001,"msg":"Please try again later","data":null}
2026-04-20 02:04:08  api.phemex            ERROR     klines MOODENGUSDT HTTP 400: {"code":30001,"msg":"Please try again later","data":null}
2026-04-20 02:04:08  api.phemex            ERROR     klines BABYUSDT HTTP 400: {"code":30001,"msg":"Please try again later","data":null}
2026-04-20 02:04:08  api.phemex            ERROR     klines HYPERUSDT HTTP 400: {"code":30001,"msg":"Please try again later","data":null}
2026-04-20 02:04:09  api.phemex            ERROR     klines ENAUSDT HTTP 400: {"code":30001,"msg":"Please try again later","data":null}
2026-04-20 02:04:09  api.phemex            ERROR     klines ERAUSDT HTTP 400: {"code":30001,"msg":"Please try again later","data":null}
2026-04-20 02:04:09  api.phemex            ERROR     klines SYRUPUSDT HTTP 400: {"code":30001,"msg":"Please try again later","data":null}
2026-04-20 02:04:10  api.phemex            ERROR     klines HUMAUSDT HTTP 400: {"code":30001,"msg":"Please try again later","data":null}
2026-04-20 02:04:10  api.phemex            ERROR     klines OPUSDT HTTP 400: {"code":30001,"msg":"Please try again later","data":null}
2026-04-20 02:04:10  api.phemex            ERROR     klines PROVEUSDT HTTP 400: {"code":30001,"msg":"Please try again later","data":null}
2026-04-20 02:04:11  api.phemex            ERROR     klines IPUSDT HTTP 400: {"code":30001,"msg":"Please try again later","data":null}
2026-04-20 02:04:11  api.phemex            ERROR     klines CYBERUSDT HTTP 400: {"code":30001,"msg":"Please try again later","data":null}
2026-04-20 02:04:12  api.phemex            ERROR     klines API3USDT HTTP 400: {"code":30001,"msg":"Please try again later","data":null}
2026-04-20 02:04:12  api.phemex            ERROR     klines AEROUSDT HTTP 400: {"code":30001,"msg":"Please try again later","data":null}
2026-04-20 02:04:12  api.phemex            ERROR     klines TREEUSDT HTTP 400: {"code":30001,"msg":"Please try again later","data":null}
2026-04-20 02:04:13  api.phemex            ERROR     klines WLFIUSDT HTTP 400: {"code":30001,"msg":"Please try again later","data":null}
2026-04-20 02:04:13  api.phemex            ERROR     klines REDUSDT HTTP 400: {"code":30001,"msg":"Please try again later","data":null}
2026-04-20 02:04:13  api.phemex            ERROR     klines WLDUSDT HTTP 400: {"code":30001,"msg":"Please try again later","data":null}
2026-04-20 02:04:14  api.phemex            ERROR     klines OPENUSDT HTTP 400: {"code":30001,"msg":"Please try again later","data":null}
2026-04-20 02:04:14  api.phemex            ERROR     klines LINEAUSDT HTTP 400: {"code":30001,"msg":"Please try again later","data":null}
2026-04-20 02:04:15  api.phemex            ERROR     klines HOLOUSDT HTTP 400: {"code":30001,"msg":"Please try again later","data":null}
2026-04-20 02:04:15  api.phemex            ERROR     klines PUMPUSDT HTTP 400: {"code":30001,"msg":"Please try again later","data":null}
2026-04-20 02:04:15  api.phemex            ERROR     klines AVNTUSDT HTTP 400: {"code":30001,"msg":"Please try again later","data":null}
2026-04-20 02:04:16  api.phemex            ERROR     klines ZKCUSDT HTTP 400: {"code":30001,"msg":"Please try again later","data":null}
2026-04-20 02:04:16  api.phemex            ERROR     klines TOSHIUSDT HTTP 400: {"code":30001,"msg":"Please try again later","data":null}
2026-04-20 02:04:17  api.phemex            ERROR     klines EULUSDT HTTP 400: {"code":30001,"msg":"Please try again later","data":null}
2026-04-20 02:04:17  api.phemex            ERROR     klines LAUSDT HTTP 400: {"code":30001,"msg":"Please try again later","data":null}
2026-04-20 02:04:18  api.phemex            ERROR     klines BARDUSDT HTTP 400: {"code":30001,"msg":"Please try again later","data":null}
2026-04-20 02:04:18  api.phemex            ERROR     klines ETHFIUSDT HTTP 400: {"code":30001,"msg":"Please try again later","data":null}
2026-04-20 02:04:18  api.phemex            ERROR     klines SUNUSDT HTTP 400: {"code":30001,"msg":"Please try again later","data":null}
2026-04-20 02:04:19  api.phemex            ERROR     klines 0GUSDT HTTP 400: {"code":30001,"msg":"Please try again later","data":null}
2026-04-20 02:04:19  api.phemex            ERROR     klines FLUIDUSDT HTTP 400: {"code":30001,"msg":"Please try again later","data":null}
2026-04-20 02:04:19  api.phemex            ERROR     klines INUSDT HTTP 400: {"code":30001,"msg":"Please try again later","data":null}
2026-04-20 02:04:20  api.phemex            ERROR     klines XPLUSDT HTTP 400: {"code":30001,"msg":"Please try again later","data":null}
2026-04-20 02:11:21  api.phemex            INFO      Phemex: загружено 519 USDT perpetuals
2026-04-20 02:11:29  api.phemex            ERROR     Failed klines HTTP 400: {"code":30001,"msg":"Please try again later","data":null} [MOVEUSDT]
2026-04-20 02:11:29  api.phemex            ERROR     Failed klines HTTP 400: {"code":30001,"msg":"Please try again later","data":null} [MEUSDT]
2026-04-20 02:11:30  api.phemex            ERROR     Failed klines HTTP 400: {"code":30001,"msg":"Please try again later","data":null} [MOCAUSDT]
2026-04-20 02:11:30  api.phemex            ERROR     Failed klines HTTP 400: {"code":30001,"msg":"Please try again later","data":null} [VANAUSDT]
2026-04-20 02:11:31  api.phemex            ERROR     Failed klines HTTP 400: {"code":30001,"msg":"Please try again later","data":null} [SONICUSDT]
2026-04-20 02:11:31  api.phemex            ERROR     Failed klines HTTP 400: {"code":30001,"msg":"Please try again later","data":null} [ANIMEUSDT]
2026-04-20 02:11:32  api.phemex            ERROR     Failed klines HTTP 400: {"code":30001,"msg":"Please try again later","data":null} [VIRTUALUSDT]
2026-04-20 02:11:32  api.phemex            ERROR     Failed klines HTTP 400: {"code":30001,"msg":"Please try again later","data":null} [JTOUSDT]
2026-04-20 02:11:32  api.phemex            ERROR     Failed klines HTTP 400: {"code":30001,"msg":"Please try again later","data":null} [BERAUSDT]
2026-04-20 02:11:33  api.phemex            ERROR     Failed klines HTTP 400: {"code":30001,"msg":"Please try again later","data":null} [LAYERUSDT]
2026-04-20 02:11:33  api.phemex            ERROR     Failed klines HTTP 400: {"code":30001,"msg":"Please try again later","data":null} [TRUMPUSDT]
2026-04-20 02:11:33  api.phemex            ERROR     Failed klines HTTP 400: {"code":30001,"msg":"Please try again later","data":null} [JTOUSDT]
2026-04-20 02:11:34  api.phemex            ERROR     Failed klines HTTP 400: {"code":30001,"msg":"Please try again later","data":null} [ARKMUSDT]
2026-04-20 02:11:34  api.phemex            ERROR     Failed klines HTTP 400: {"code":30001,"msg":"Please try again later","data":null} [COWUSDT]
2026-04-20 02:11:35  api.phemex            ERROR     Failed klines HTTP 400: {"code":30001,"msg":"Please try again later","data":null} [KAITOUSDT]
2026-04-20 02:11:35  api.phemex            ERROR     Failed klines HTTP 400: {"code":30001,"msg":"Please try again later","data":null} [ARKMUSDT]
2026-04-20 02:11:36  api.phemex            ERROR     Failed klines HTTP 400: {"code":30001,"msg":"Please try again later","data":null} [ORCAUSDT]
2026-04-20 02:11:36  api.phemex            ERROR     Failed klines HTTP 400: {"code":30001,"msg":"Please try again later","data":null} [WALUSDT]
2026-04-20 02:11:36  api.phemex            ERROR     Failed klines HTTP 400: {"code":30001,"msg":"Please try again later","data":null} [COMPUSDT]
2026-04-20 02:26:44  api.phemex            INFO      Phemex: загружено 519 USDT perpetuals
2026-04-20 02:26:55  api.phemex            INFO      Phemex: загружено 519 USDT perpetuals
2026-04-20 02:27:03  api.phemex            WARNING   [LAYERUSDT] Нет истории (слишком старый листинг или монеты еще не было на Phemex)
2026-04-20 02:27:04  api.phemex            WARNING   [TRUMPUSDT] Нет истории (слишком старый листинг или монеты еще не было на Phemex)
2026-04-20 02:27:04  api.phemex            WARNING   [JTOUSDT] Нет истории (слишком старый листинг или монеты еще не было на Phemex)
2026-04-20 02:27:05  api.phemex            WARNING   [ARKMUSDT] Нет истории (слишком старый листинг или монеты еще не было на Phemex)
2026-04-20 02:27:05  api.phemex            WARNING   [COWUSDT] Нет истории (слишком старый листинг или монеты еще не было на Phemex)
2026-04-20 02:27:05  api.phemex            WARNING   [KAITOUSDT] Нет истории (слишком старый листинг или монеты еще не было на Phemex)
2026-04-20 02:27:06  api.phemex            WARNING   [ARKMUSDT] Нет истории (слишком старый листинг или монеты еще не было на Phemex)
2026-04-20 02:27:06  api.phemex            WARNING   [ORCAUSDT] Нет истории (слишком старый листинг или монеты еще не было на Phemex)
2026-04-20 02:27:07  api.phemex            WARNING   [WALUSDT] Нет истории (слишком старый листинг или монеты еще не было на Phemex)
2026-04-20 02:27:07  api.phemex            WARNING   [COMPUSDT] Нет истории (слишком старый листинг или монеты еще не было на Phemex)
2026-04-20 02:27:07  api.phemex            WARNING   [FILUSDT] Нет истории (слишком старый листинг или монеты еще не было на Phemex)
2026-04-20 02:27:08  api.phemex            WARNING   [WCTUSDT] Нет истории (слишком старый листинг или монеты еще не было на Phemex)
2026-04-20 02:27:08  api.phemex            WARNING   [SHELLUSDT] Нет истории (слишком старый листинг или монеты еще не было на Phemex)
2026-04-20 02:27:08  api.phemex            WARNING   [DEEPUSDT] Нет истории (слишком старый листинг или монеты еще не было на Phemex)
2026-04-20 02:27:09  api.phemex            WARNING   [SIGNUSDT] Нет истории (слишком старый листинг или монеты еще не было на Phemex)
2026-04-20 02:27:09  api.phemex            WARNING   [TIAUSDT] Нет истории (слишком старый листинг или монеты еще не было на Phemex)
2026-04-20 02:27:09  api.phemex            WARNING   [PENGUUSDT] Нет истории (слишком старый листинг или монеты еще не было на Phemex)
2026-04-20 02:27:10  api.phemex            WARNING   [NXPCUSDT] Нет истории (слишком старый листинг или монеты еще не было на Phemex)
2026-04-20 02:27:10  api.phemex            WARNING   [KERNELUSDT] Нет истории (слишком старый листинг или монеты еще не было на Phemex)
2026-04-20 02:27:11  api.phemex            WARNING   [SOONUSDT] Нет истории (слишком старый листинг или монеты еще не было на Phemex)
2026-04-20 02:27:11  api.phemex            WARNING   [HYPERUSDT] Нет истории (слишком старый листинг или монеты еще не было на Phemex)
2026-04-20 02:27:11  api.phemex            WARNING   [SOPHUSDT] Нет истории (слишком старый листинг или монеты еще не было на Phemex)
2026-04-20 02:27:12  api.phemex            WARNING   [LPTUSDT] Нет истории (слишком старый листинг или монеты еще не было на Phemex)
2026-04-20 02:27:12  api.phemex            WARNING   [RVNUSDT] Нет истории (слишком старый листинг или монеты еще не было на Phemex)
2026-04-20 02:27:13  api.phemex            WARNING   [LAUSDT] Нет истории (слишком старый листинг или монеты еще не было на Phemex)
2026-04-20 02:27:13  api.phemex            WARNING   [AXLUSDT] Нет истории (слишком старый листинг или монеты еще не было на Phemex)
2026-04-20 02:27:14  api.phemex            WARNING   [ALTUSDT] Нет истории (слишком старый листинг или монеты еще не было на Phemex)
2026-04-20 02:27:14  api.phemex            WARNING   [HAEDALUSDT] Нет истории (слишком старый листинг или монеты еще не было на Phemex)
2026-04-20 02:27:14  api.phemex            WARNING   [NEWTUSDT] Нет истории (слишком старый листинг или монеты еще не было на Phemex)
2026-04-20 02:27:15  api.phemex            WARNING   [SAHARAUSDT] Нет истории (слишком старый листинг или монеты еще не было на Phemex)
2026-04-20 02:27:15  api.phemex            WARNING   [MOODENGUSDT] Нет истории (слишком старый листинг или монеты еще не было на Phemex)
2026-04-20 02:27:15  api.phemex            WARNING   [BABYUSDT] Нет истории (слишком старый листинг или монеты еще не было на Phemex)
2026-04-20 02:27:16  api.phemex            WARNING   [HYPERUSDT] Нет истории (слишком старый листинг или монеты еще не было на Phemex)
2026-04-20 02:27:16  api.phemex            WARNING   [ENAUSDT] Нет истории (слишком старый листинг или монеты еще не было на Phemex)
2026-04-20 02:27:17  api.phemex            WARNING   [ERAUSDT] Нет истории (слишком старый листинг или монеты еще не было на Phemex)
2026-04-20 02:27:17  api.phemex            WARNING   [SYRUPUSDT] Нет истории (слишком старый листинг или монеты еще не было на Phemex)
2026-04-20 02:27:18  api.phemex            WARNING   [HUMAUSDT] Нет истории (слишком старый листинг или монеты еще не было на Phemex)
2026-04-20 02:27:18  api.phemex            WARNING   [OPUSDT] Нет истории (слишком старый листинг или монеты еще не было на Phemex)
2026-04-20 02:27:18  api.phemex            WARNING   [PROVEUSDT] Нет истории (слишком старый листинг или монеты еще не было на Phemex)
2026-04-20 02:27:19  api.phemex            WARNING   [IPUSDT] Нет истории (слишком старый листинг или монеты еще не было на Phemex)
2026-04-20 02:27:19  api.phemex            WARNING   [CYBERUSDT] Нет истории (слишком старый листинг или монеты еще не было на Phemex)
2026-04-20 02:27:20  api.phemex            WARNING   [API3USDT] Нет истории (слишком старый листинг или монеты еще не было на Phemex)
2026-04-20 02:27:20  api.phemex            WARNING   [AEROUSDT] Нет истории (слишком старый листинг или монеты еще не было на Phemex)
2026-04-20 02:27:20  api.phemex            WARNING   [TREEUSDT] Нет истории (слишком старый листинг или монеты еще не было на Phemex)
2026-04-20 02:27:21  api.phemex            WARNING   [WLFIUSDT] Нет истории (слишком старый листинг или монеты еще не было на Phemex)
2026-04-20 02:27:21  api.phemex            WARNING   [REDUSDT] Нет истории (слишком старый листинг или монеты еще не было на Phemex)
2026-04-20 02:27:21  api.phemex            WARNING   [WLDUSDT] Нет истории (слишком старый листинг или монеты еще не было на Phemex)
2026-04-20 02:27:22  api.phemex            WARNING   [OPENUSDT] Нет истории (слишком старый листинг или монеты еще не было на Phemex)
2026-04-20 02:27:22  api.phemex            WARNING   [LINEAUSDT] Нет истории (слишком старый листинг или монеты еще не было на Phemex)
2026-04-20 02:27:23  api.phemex            WARNING   [HOLOUSDT] Нет истории (слишком старый листинг или монеты еще не было на Phemex)
2026-04-20 02:27:23  api.phemex            WARNING   [PUMPUSDT] Нет истории (слишком старый листинг или монеты еще не было на Phemex)
2026-04-20 02:27:23  api.phemex            WARNING   [AVNTUSDT] Нет истории (слишком старый листинг или монеты еще не было на Phemex)
2026-04-20 02:27:24  api.phemex            WARNING   [ZKCUSDT] Нет истории (слишком старый листинг или монеты еще не было на Phemex)
2026-04-20 02:27:24  api.phemex            WARNING   [TOSHIUSDT] Нет истории (слишком старый листинг или монеты еще не было на Phemex)
2026-04-20 02:27:25  api.phemex            WARNING   [EULUSDT] Нет истории (слишком старый листинг или монеты еще не было на Phemex)
2026-04-20 02:27:25  api.phemex            WARNING   [LAUSDT] Нет истории (слишком старый листинг или монеты еще не было на Phemex)
2026-04-20 02:27:26  api.phemex            WARNING   [BARDUSDT] Нет истории (слишком старый листинг или монеты еще не было на Phemex)
2026-04-20 02:27:26  api.phemex            WARNING   [ETHFIUSDT] Нет истории (слишком старый листинг или монеты еще не было на Phemex)
2026-04-20 02:27:26  api.phemex            WARNING   [SUNUSDT] Нет истории (слишком старый листинг или монеты еще не было на Phemex)
2026-04-20 02:27:27  api.phemex            WARNING   [0GUSDT] Нет истории (слишком старый листинг или монеты еще не было на Phemex)
2026-04-20 02:27:27  api.phemex            WARNING   [FLUIDUSDT] Нет истории (слишком старый листинг или монеты еще не было на Phemex)
2026-04-20 02:27:28  api.phemex            WARNING   [INUSDT] Нет истории (слишком старый листинг или монеты еще не было на Phemex)
2026-04-20 02:27:28  api.phemex            WARNING   [XPLUSDT] Нет истории (слишком старый листинг или монеты еще не было на Phemex)
2026-04-20 02:27:28  api.phemex            WARNING   [MIRAUSDT] Нет истории (слишком старый листинг или монеты еще не было на Phemex)
2026-04-20 02:27:29  api.phemex            WARNING   [SUPERUSDT] Нет истории (слишком старый листинг или монеты еще не было на Phemex)
2026-04-20 02:27:29  api.phemex            WARNING   [FFUSDT] Нет истории (слишком старый листинг или монеты еще не было на Phemex)
2026-04-20 02:27:30  api.phemex            WARNING   [SOMIUSDT] Нет истории (слишком старый листинг или монеты еще не было на Phemex)
2026-04-20 02:27:30  api.phemex            WARNING   [2ZUSDT] Нет истории (слишком старый листинг или монеты еще не было на Phemex)
2026-04-20 02:27:30  api.phemex            WARNING   [DOODUSDT] Нет истории (слишком старый листинг или монеты еще не было на Phemex)
2026-04-20 02:27:31  api.phemex            WARNING   [INUSDT] Нет истории (слишком старый листинг или монеты еще не было на Phemex)
2026-04-20 02:27:32  api.phemex            WARNING   [YGGUSDT] Нет истории (слишком старый листинг или монеты еще не было на Phemex)
2026-04-20 02:27:32  api.phemex            WARNING   [ZORAUSDT] Нет истории (слишком старый листинг или монеты еще не было на Phemex)
2026-04-20 02:27:32  api.phemex            WARNING   [ZBTUSDT] Нет истории (слишком старый листинг или монеты еще не было на Phemex)
2026-04-20 02:27:33  api.phemex            WARNING   [BIOUSDT] Нет истории (слишком старый листинг или монеты еще не было на Phemex)
2026-04-20 02:27:33  api.phemex            WARNING   [FUSDT] Нет истории (слишком старый листинг или монеты еще не было на Phemex)
2026-04-20 02:27:33  api.phemex            WARNING   [KERNELUSDT] Нет истории (слишком старый листинг или монеты еще не было на Phemex)
2026-04-20 02:27:34  api.phemex            WARNING   [ENSOUSDT] Нет истории (слишком старый листинг или монеты еще не было на Phemex)
2026-04-20 02:27:34  api.phemex            WARNING   [KITEUSDT] Нет истории (слишком старый листинг или монеты еще не было на Phemex)
2026-04-20 02:27:35  api.phemex            WARNING   [MMTUSDT] Нет истории (слишком старый листинг или монеты еще не было на Phemex)
2026-04-20 02:27:35  api.phemex            WARNING   [MMTUSDT] Нет истории (слишком старый листинг или монеты еще не было на Phemex)
2026-04-20 02:27:35  api.phemex            WARNING   [TRUSTUSDT] Нет истории (слишком старый листинг или монеты еще не было на Phemex)
2026-04-20 02:27:36  api.phemex            WARNING   [MONUSDT] Нет истории (слишком старый листинг или монеты еще не было на Phemex)
2026-04-20 02:27:36  api.phemex            WARNING   [PLUMEUSDT] Нет истории (слишком старый листинг или монеты еще не было на Phemex)
2026-04-20 02:27:36  api.phemex            WARNING   [WETUSDT] Нет истории (слишком старый листинг или монеты еще не было на Phemex)
2026-04-20 02:27:37  api.phemex            WARNING   [YBUSDT] Нет истории (слишком старый листинг или монеты еще не было на Phemex)
2026-04-20 02:27:37  api.phemex            WARNING   [ZKPUSDT] Нет истории (слишком старый листинг или монеты еще не было на Phemex)
2026-04-20 02:27:37  api.phemex            WARNING   [ZKUSDT] Нет истории (слишком старый листинг или монеты еще не было на Phemex)
2026-04-20 02:27:38  api.phemex            WARNING   [BREVUSDT] Нет истории (слишком старый листинг или монеты еще не было на Phemex)
2026-04-20 02:27:38  api.phemex            WARNING   [ELSAUSDT] Нет истории (слишком старый листинг или монеты еще не было на Phemex)
2026-04-20 02:27:38  api.phemex            WARNING   [SENTUSDT] Нет истории (слишком старый листинг или монеты еще не было на Phemex)
2026-04-20 02:27:39  api.phemex            WARNING   [BIRBUSDT] Нет истории (слишком старый листинг или монеты еще не было на Phemex)
2026-04-20 02:27:39  api.phemex            WARNING   [TAOUSDT] Нет истории (слишком старый листинг или монеты еще не было на Phemex)
2026-04-20 02:27:40  api.phemex            WARNING   [AZTECUSDT] Нет истории (слишком старый листинг или монеты еще не было на Phemex)
2026-04-20 02:27:40  api.phemex            WARNING   [SKRUSDT] Нет истории (слишком старый листинг или монеты еще не было на Phemex)
2026-04-20 02:27:40  api.phemex            WARNING   [ESPUSDT] Нет истории (слишком старый листинг или монеты еще не было на Phemex)
2026-04-20 02:27:41  api.phemex            WARNING   [CFGUSDT] Нет истории (слишком старый листинг или монеты еще не было на Phemex)
2026-04-20 02:27:41  api.phemex            WARNING   [ICPUSDT] Нет истории (слишком старый листинг или монеты еще не было на Phemex)
2026-04-20 02:27:42  api.phemex            WARNING   [ETHFIUSDT] Нет истории (слишком старый листинг или монеты еще не было на Phemex)
2026-04-20 02:27:42  api.phemex            WARNING   [KATUSDT] Нет истории (слишком старый листинг или монеты еще не было на Phemex)
2026-04-20 02:27:43  api.phemex            WARNING   [SKYUSDT] Нет истории (слишком старый листинг или монеты еще не было на Phemex)
2026-04-20 02:27:43  api.phemex            WARNING   [ZAMAUSDT] Нет истории (слишком старый листинг или монеты еще не было на Phemex)
2026-04-20 02:27:43  api.phemex            WARNING   [CCUSDT] Нет истории (слишком старый листинг или монеты еще не было на Phemex)
2026-04-20 02:27:44  api.phemex            WARNING   [SOONUSDT] Нет истории (слишком старый листинг или монеты еще не было на Phemex)
