2026-04-20 01:09:11  main                  INFO      ╔══════════════════════════════════════════╗
2026-04-20 01:09:11  main                  INFO      ║   Upbit Listing → Phemex Delta Backtest  ║
2026-04-20 01:09:11  main                  INFO      ╚══════════════════════════════════════════╝
2026-04-20 01:09:11  main                  INFO      ━ [1/6] Загружаем инструменты Phemex …
2026-04-20 01:09:11  main                  INFO      ━ [2/6] Парсим историю листингов Upbit …
2026-04-20 01:09:12  main                  WARNING   Upbit вернул 0 листинговых событий
2026-04-20 01:09:12  main                  WARNING   Нет результатов — выходим.
2026-04-20 01:16:57  main                  INFO      ╔══════════════════════════════════════════╗
2026-04-20 01:16:57  main                  INFO      ║   Upbit Listing → Phemex Delta Backtest  ║
2026-04-20 01:16:57  main                  INFO      ╚══════════════════════════════════════════╝
2026-04-20 01:16:57  main                  INFO      ━ [1/6] Загружаем инструменты Phemex …
2026-04-20 01:16:57  main                  INFO      ━ [2/6] Парсим историю листингов Upbit …
2026-04-20 01:16:58  main                  WARNING   Upbit вернул 0 листинговых событий
2026-04-20 01:16:58  main                  WARNING   Нет результатов — выходим.
2026-04-20 01:20:13  main                  INFO      ╔══════════════════════════════════════════╗
2026-04-20 01:20:13  main                  INFO      ║   Upbit Listing → Phemex Delta Backtest  ║
2026-04-20 01:20:13  main                  INFO      ╚══════════════════════════════════════════╝
2026-04-20 01:20:13  main                  INFO      ━ [1/6] Загружаем инструменты Phemex …
2026-04-20 01:20:13  main                  INFO      ━ [2/6] Парсим историю листингов Upbit …
2026-04-20 01:20:14  main                  WARNING   Upbit вернул 0 листинговых событий
2026-04-20 01:20:14  main                  WARNING   Нет результатов — выходим.
2026-04-20 01:43:14  main                  INFO      ╔══════════════════════════════════════════╗
2026-04-20 01:43:14  main                  INFO      ║   Upbit Listing → Phemex Delta Backtest  ║
2026-04-20 01:43:14  main                  INFO      ╚══════════════════════════════════════════╝
2026-04-20 01:43:14  main                  INFO      ━ [1/6] Загружаем инструменты Phemex …
2026-04-20 01:43:14  main                  INFO      ━ [2/6] Парсим историю листингов Upbit …
2026-04-20 01:43:15  main                  WARNING   Upbit вернул 0 листинговых событий
2026-04-20 01:43:15  main                  WARNING   Нет результатов — выходим.
2026-04-20 01:54:03  main                  INFO      ╔══════════════════════════════════════════╗
2026-04-20 01:54:04  main                  INFO      ║   Upbit Listing → Phemex Delta Backtest  ║
2026-04-20 01:54:04  main                  INFO      ╚══════════════════════════════════════════╝
2026-04-20 01:54:04  main                  INFO      ━ [1/6] Загружаем инструменты Phemex …
2026-04-20 01:54:04  main                  INFO      ━ [2/6] Парсим историю листингов Upbit …
2026-04-20 01:54:04  main                  WARNING   Upbit вернул 0 листинговых событий
2026-04-20 01:54:04  main                  WARNING   Нет результатов — выходим.
2026-04-20 02:03:45  main                  INFO      ╔══════════════════════════════════════════╗
2026-04-20 02:03:45  main                  INFO      ║   Upbit Listing → Phemex Delta Backtest  ║
2026-04-20 02:03:45  main                  INFO      ╚══════════════════════════════════════════╝
2026-04-20 02:03:45  main                  INFO      ━ [1/6] Загружаем инструменты Phemex …
2026-04-20 02:03:45  main                  INFO      ━ [2/6] Парсим историю листингов Upbit …
2026-04-20 02:03:53  main                  INFO      ━ [3/6] 112/129 событий имеют Phemex perpetual
2026-04-20 02:03:53  main                  INFO      ━ [4/6] Считаем Δ цены …
2026-04-20 02:03:53  main                  INFO        [  1/112] MOVEUSDT         2024-12-10 00:30:01 UTC
2026-04-20 02:03:54  main                  INFO        [  2/112] MEUSDT           2024-12-11 01:37:38 UTC
2026-04-20 02:03:54  main                  INFO        [  3/112] MOCAUSDT         2024-12-16 02:10:01 UTC
2026-04-20 02:03:54  main                  INFO        [  4/112] VANAUSDT         2024-12-17 01:05:32 UTC
2026-04-20 02:03:54  main                  INFO        [  5/112] SONICUSDT        2025-01-08 04:05:26 UTC
2026-04-20 02:03:55  main                  INFO        [  6/112] ANIMEUSDT        2025-01-24 00:00:01 UTC
2026-04-20 02:03:55  main                  INFO        [  7/112] VIRTUALUSDT      2025-01-31 08:17:39 UTC
2026-04-20 02:03:55  main                  INFO        [  8/112] JTOUSDT          2025-02-06 04:58:53 UTC
2026-04-20 02:03:56  main                  INFO        [  9/112] BERAUSDT         2025-02-06 13:54:58 UTC
2026-04-20 02:03:56  main                  INFO        [ 10/112] LAYERUSDT        2025-02-11 23:30:14 UTC
2026-04-20 02:03:56  main                  INFO        [ 11/112] TRUMPUSDT        2025-02-13 06:24:06 UTC
2026-04-20 02:03:57  main                  INFO        [ 12/112] JTOUSDT          2025-02-21 05:00:00 UTC
2026-04-20 02:03:57  main                  INFO        [ 13/112] ARKMUSDT         2025-02-21 05:10:02 UTC
2026-04-20 02:03:58  main                  INFO        [ 14/112] COWUSDT          2025-02-25 08:39:55 UTC
2026-04-20 02:03:58  main                  INFO        [ 15/112] KAITOUSDT        2025-03-05 02:47:19 UTC
2026-04-20 02:03:58  main                  INFO        [ 16/112] ARKMUSDT         2025-03-11 06:15:05 UTC
2026-04-20 02:03:59  main                  INFO        [ 17/112] ORCAUSDT         2025-03-21 04:57:29 UTC
2026-04-20 02:03:59  main                  INFO        [ 18/112] WALUSDT          2025-03-27 23:30:05 UTC
2026-04-20 02:04:00  main                  INFO        [ 19/112] COMPUSDT         2025-04-01 07:05:00 UTC
2026-04-20 02:04:00  main                  INFO        [ 20/112] FILUSDT          2025-04-04 07:04:42 UTC
2026-04-20 02:04:00  main                  INFO        [ 21/112] WCTUSDT          2025-04-16 05:39:10 UTC
2026-04-20 02:04:01  main                  INFO        [ 22/112] SHELLUSDT        2025-04-16 05:56:44 UTC
2026-04-20 02:04:01  main                  INFO        [ 23/112] DEEPUSDT         2025-04-22 04:58:32 UTC
2026-04-20 02:04:01  main                  INFO        [ 24/112] SIGNUSDT         2025-04-29 08:49:31 UTC
2026-04-20 02:04:02  main                  INFO        [ 25/112] TIAUSDT          2025-05-08 09:30:27 UTC
2026-04-20 02:04:02  main                  INFO        [ 26/112] PENGUUSDT        2025-05-09 06:00:00 UTC
2026-04-20 02:04:02  main                  INFO        [ 27/112] NXPCUSDT         2025-05-15 09:25:04 UTC
2026-04-20 02:04:03  main                  INFO        [ 28/112] KERNELUSDT       2025-05-23 04:30:17 UTC
2026-04-20 02:04:03  main                  INFO        [ 29/112] SOONUSDT         2025-05-23 10:40:00 UTC
2026-04-20 02:04:04  main                  INFO        [ 30/112] HYPERUSDT        2025-05-27 07:44:50 UTC
2026-04-20 02:04:04  main                  INFO        [ 31/112] SOPHUSDT         2025-05-28 12:40:05 UTC
2026-04-20 02:04:04  main                  INFO        [ 32/112] LPTUSDT          2025-05-30 03:15:00 UTC
2026-04-20 02:04:04  main                  INFO        [ 33/112] RVNUSDT          2025-06-05 07:03:21 UTC
2026-04-20 02:04:05  main                  INFO        [ 34/112] LAUSDT           2025-06-06 00:00:00 UTC
2026-04-20 02:04:05  main                  INFO        [ 35/112] AXLUSDT          2025-06-10 04:41:12 UTC
2026-04-20 02:04:06  main                  INFO        [ 36/112] ALTUSDT          2025-06-16 09:04:45 UTC
2026-04-20 02:04:06  main                  INFO        [ 37/112] HAEDALUSDT       2025-06-16 11:50:01 UTC
2026-04-20 02:04:06  main                  INFO        [ 38/112] NEWTUSDT         2025-06-24 14:45:44 UTC
2026-04-20 02:04:07  main                  INFO        [ 39/112] SAHARAUSDT       2025-06-26 12:50:16 UTC
2026-04-20 02:04:07  main                  INFO        [ 40/112] MOODENGUSDT      2025-07-03 04:47:01 UTC
2026-04-20 02:04:08  main                  INFO        [ 41/112] BABYUSDT         2025-07-10 03:30:00 UTC
2026-04-20 02:04:08  main                  INFO        [ 42/112] HYPERUSDT        2025-07-10 03:30:01 UTC
2026-04-20 02:04:08  main                  INFO        [ 43/112] ENAUSDT          2025-07-11 04:42:59 UTC
2026-04-20 02:04:09  main                  INFO        [ 44/112] ERAUSDT          2025-07-17 15:57:01 UTC
2026-04-20 02:04:09  main                  INFO        [ 45/112] SYRUPUSDT        2025-07-25 02:19:50 UTC
2026-04-20 02:04:09  main                  INFO        [ 46/112] HUMAUSDT         2025-07-25 02:19:51 UTC
2026-04-20 02:04:10  main                  INFO        [ 47/112] OPUSDT           2025-07-28 04:24:25 UTC
2026-04-20 02:04:10  main                  INFO        [ 48/112] PROVEUSDT        2025-08-06 04:54:02 UTC
2026-04-20 02:04:11  main                  INFO        [ 49/112] IPUSDT           2025-08-08 02:09:39 UTC
2026-04-20 02:04:11  main                  INFO        [ 50/112] CYBERUSDT        2025-08-12 07:30:00 UTC
2026-04-20 02:04:11  main                  INFO        [ 51/112] API3USDT         2025-08-19 07:30:00 UTC
2026-04-20 02:04:12  main                  INFO        [ 52/112] AEROUSDT         2025-08-22 00:30:00 UTC
2026-04-20 02:04:12  main                  INFO        [ 53/112] TREEUSDT         2025-08-28 05:00:00 UTC
2026-04-20 02:04:12  main                  INFO        [ 54/112] WLFIUSDT         2025-09-01 12:50:06 UTC
2026-04-20 02:04:13  main                  INFO        [ 55/112] REDUSDT          2025-09-05 07:45:00 UTC
2026-04-20 02:04:13  main                  INFO        [ 56/112] WLDUSDT          2025-09-09 10:21:09 UTC
2026-04-20 02:04:13  main                  INFO        [ 57/112] OPENUSDT         2025-09-10 04:22:36 UTC
2026-04-20 02:04:14  main                  INFO        [ 58/112] LINEAUSDT        2025-09-10 16:25:30 UTC
2026-04-20 02:04:14  main                  INFO        [ 59/112] HOLOUSDT         2025-09-11 11:55:00 UTC
2026-04-20 02:04:15  main                  INFO        [ 60/112] PUMPUSDT         2025-09-11 12:15:01 UTC
2026-04-20 02:04:15  main                  INFO        [ 61/112] AVNTUSDT         2025-09-15 04:11:01 UTC
2026-04-20 02:04:15  main                  INFO        [ 62/112] ZKCUSDT          2025-09-15 13:55:11 UTC
2026-04-20 02:04:16  main                  INFO        [ 63/112] TOSHIUSDT        2025-09-17 02:30:22 UTC
2026-04-20 02:04:16  main                  INFO        [ 64/112] EULUSDT          2025-09-17 02:30:23 UTC
2026-04-20 02:04:17  main                  INFO        [ 65/112] LAUSDT           2025-09-18 10:02:31 UTC
2026-04-20 02:04:17  main                  INFO        [ 66/112] BARDUSDT         2025-09-18 13:30:49 UTC
2026-04-20 02:04:18  main                  INFO        [ 67/112] ETHFIUSDT        2025-09-19 03:10:00 UTC
2026-04-20 02:04:18  main                  INFO        [ 68/112] SUNUSDT          2025-09-22 02:30:00 UTC
2026-04-20 02:04:18  main                  INFO        [ 69/112] 0GUSDT           2025-09-22 11:00:02 UTC
2026-04-20 02:04:19  main                  INFO        [ 70/112] FLUIDUSDT        2025-09-24 08:10:00 UTC
2026-04-20 02:04:19  main                  INFO        [ 71/112] INUSDT           2025-09-24 08:10:01 UTC
2026-04-20 02:04:19  main                  INFO        [ 72/112] XPLUSDT          2025-09-25 12:55:00 UTC
2026-04-20 02:04:20  main                  INFO        [ 73/112] MIRAUSDT         2025-09-26 12:55:00 UTC
2026-04-20 02:11:21  main                  INFO      ╔══════════════════════════════════════════╗
2026-04-20 02:11:21  main                  INFO      ║   Upbit Listing → Phemex Delta Backtest  ║
2026-04-20 02:11:21  main                  INFO      ╚══════════════════════════════════════════╝
2026-04-20 02:11:21  main                  INFO      ━ [1/6] Загружаем инструменты Phemex …
2026-04-20 02:11:21  main                  INFO      ━ [2/6] Парсим историю листингов Upbit …
2026-04-20 02:11:29  main                  INFO      ━ [3/6] 112/129 событий имеют Phemex perpetual
2026-04-20 02:11:29  main                  INFO      ━ [4/6] Считаем Δ цены …
2026-04-20 02:11:29  main                  INFO        [  1/112] MOVEUSDT         2024-12-10 00:30:01 UTC
2026-04-20 02:11:29  main                  INFO        [  2/112] MEUSDT           2024-12-11 01:37:38 UTC
2026-04-20 02:11:29  main                  INFO        [  3/112] MOCAUSDT         2024-12-16 02:10:01 UTC
2026-04-20 02:11:30  main                  INFO        [  4/112] VANAUSDT         2024-12-17 01:05:32 UTC
2026-04-20 02:11:30  main                  INFO        [  5/112] SONICUSDT        2025-01-08 04:05:26 UTC
2026-04-20 02:11:31  main                  INFO        [  6/112] ANIMEUSDT        2025-01-24 00:00:01 UTC
2026-04-20 02:11:31  main                  INFO        [  7/112] VIRTUALUSDT      2025-01-31 08:17:39 UTC
2026-04-20 02:11:32  main                  INFO        [  8/112] JTOUSDT          2025-02-06 04:58:53 UTC
2026-04-20 02:11:32  main                  INFO        [  9/112] BERAUSDT         2025-02-06 13:54:58 UTC
2026-04-20 02:11:32  main                  INFO        [ 10/112] LAYERUSDT        2025-02-11 23:30:14 UTC
2026-04-20 02:11:33  main                  INFO        [ 11/112] TRUMPUSDT        2025-02-13 06:24:06 UTC
2026-04-20 02:11:33  main                  INFO        [ 12/112] JTOUSDT          2025-02-21 05:00:00 UTC
2026-04-20 02:11:33  main                  INFO        [ 13/112] ARKMUSDT         2025-02-21 05:10:02 UTC
2026-04-20 02:11:34  main                  INFO        [ 14/112] COWUSDT          2025-02-25 08:39:55 UTC
2026-04-20 02:11:34  main                  INFO        [ 15/112] KAITOUSDT        2025-03-05 02:47:19 UTC
2026-04-20 02:11:35  main                  INFO        [ 16/112] ARKMUSDT         2025-03-11 06:15:05 UTC
2026-04-20 02:11:35  main                  INFO        [ 17/112] ORCAUSDT         2025-03-21 04:57:29 UTC
2026-04-20 02:11:36  main                  INFO        [ 18/112] WALUSDT          2025-03-27 23:30:05 UTC
2026-04-20 02:11:36  main                  INFO        [ 19/112] COMPUSDT         2025-04-01 07:05:00 UTC
2026-04-20 02:11:36  main                  INFO        [ 20/112] FILUSDT          2025-04-04 07:04:42 UTC
2026-04-20 02:26:44  main                  INFO      ╔══════════════════════════════════════════╗
2026-04-20 02:26:44  main                  INFO      ║   Upbit Listing → Phemex Delta Backtest  ║
2026-04-20 02:26:44  main                  INFO      ╚══════════════════════════════════════════╝
2026-04-20 02:26:44  main                  INFO      ━ [1/6] Загружаем инструменты Phemex …
2026-04-20 02:26:44  main                  INFO      ━ [2/6] Парсим историю листингов Upbit …
2026-04-20 02:26:55  main                  INFO      ╔══════════════════════════════════════════╗
2026-04-20 02:26:55  main                  INFO      ║   Upbit Listing → Phemex Delta Backtest  ║
2026-04-20 02:26:55  main                  INFO      ╚══════════════════════════════════════════╝
2026-04-20 02:26:55  main                  INFO      ━ [1/6] Загружаем инструменты Phemex …
2026-04-20 02:26:55  main                  INFO      ━ [2/6] Парсим историю листингов Upbit …
2026-04-20 02:27:03  main                  INFO      ━ [3/6] 103/118 событий имеют Phemex perpetual
2026-04-20 02:27:03  main                  INFO      ━ [4/6] Считаем Δ цены …
2026-04-20 02:27:03  main                  INFO        [  1/103] LAYERUSDT        2025-02-11 23:30:14 UTC
2026-04-20 02:27:04  main                  INFO        [  2/103] TRUMPUSDT        2025-02-13 06:24:06 UTC
2026-04-20 02:27:04  main                  INFO        [  3/103] JTOUSDT          2025-02-21 05:00:00 UTC
2026-04-20 02:27:04  main                  INFO        [  4/103] ARKMUSDT         2025-02-21 05:10:02 UTC
2026-04-20 02:27:05  main                  INFO        [  5/103] COWUSDT          2025-02-25 08:39:55 UTC
2026-04-20 02:27:05  main                  INFO        [  6/103] KAITOUSDT        2025-03-05 02:47:19 UTC
2026-04-20 02:27:05  main                  INFO        [  7/103] ARKMUSDT         2025-03-11 06:15:05 UTC
2026-04-20 02:27:06  main                  INFO        [  8/103] ORCAUSDT         2025-03-21 04:57:29 UTC
2026-04-20 02:27:06  main                  INFO        [  9/103] WALUSDT          2025-03-27 23:30:05 UTC
2026-04-20 02:27:07  main                  INFO        [ 10/103] COMPUSDT         2025-04-01 07:05:00 UTC
2026-04-20 02:27:07  main                  INFO        [ 11/103] FILUSDT          2025-04-04 07:04:42 UTC
2026-04-20 02:27:07  main                  INFO        [ 12/103] WCTUSDT          2025-04-16 05:39:10 UTC
2026-04-20 02:27:08  main                  INFO        [ 13/103] SHELLUSDT        2025-04-16 05:56:44 UTC
2026-04-20 02:27:08  main                  INFO        [ 14/103] DEEPUSDT         2025-04-22 04:58:32 UTC
2026-04-20 02:27:08  main                  INFO        [ 15/103] SIGNUSDT         2025-04-29 08:49:31 UTC
2026-04-20 02:27:09  main                  INFO        [ 16/103] TIAUSDT          2025-05-08 09:30:27 UTC
2026-04-20 02:27:09  main                  INFO        [ 17/103] PENGUUSDT        2025-05-09 06:00:00 UTC
2026-04-20 02:27:10  main                  INFO        [ 18/103] NXPCUSDT         2025-05-15 09:25:04 UTC
2026-04-20 02:27:10  main                  INFO        [ 19/103] KERNELUSDT       2025-05-23 04:30:17 UTC
2026-04-20 02:27:10  main                  INFO        [ 20/103] SOONUSDT         2025-05-23 10:40:00 UTC
2026-04-20 02:27:11  main                  INFO        [ 21/103] HYPERUSDT        2025-05-27 07:44:50 UTC
2026-04-20 02:27:11  main                  INFO        [ 22/103] SOPHUSDT         2025-05-28 12:40:05 UTC
2026-04-20 02:27:12  main                  INFO        [ 23/103] LPTUSDT          2025-05-30 03:15:00 UTC
2026-04-20 02:27:12  main                  INFO        [ 24/103] RVNUSDT          2025-06-05 07:03:21 UTC
2026-04-20 02:27:12  main                  INFO        [ 25/103] LAUSDT           2025-06-06 00:00:00 UTC
2026-04-20 02:27:13  main                  INFO        [ 26/103] AXLUSDT          2025-06-10 04:41:12 UTC
2026-04-20 02:27:13  main                  INFO        [ 27/103] ALTUSDT          2025-06-16 09:04:45 UTC
2026-04-20 02:27:14  main                  INFO        [ 28/103] HAEDALUSDT       2025-06-16 11:50:01 UTC
2026-04-20 02:27:14  main                  INFO        [ 29/103] NEWTUSDT         2025-06-24 14:45:44 UTC
2026-04-20 02:27:14  main                  INFO        [ 30/103] SAHARAUSDT       2025-06-26 12:50:16 UTC
2026-04-20 02:27:15  main                  INFO        [ 31/103] MOODENGUSDT      2025-07-03 04:47:01 UTC
2026-04-20 02:27:15  main                  INFO        [ 32/103] BABYUSDT         2025-07-10 03:30:00 UTC
2026-04-20 02:27:15  main                  INFO        [ 33/103] HYPERUSDT        2025-07-10 03:30:01 UTC
2026-04-20 02:27:16  main                  INFO        [ 34/103] ENAUSDT          2025-07-11 04:42:59 UTC
2026-04-20 02:27:16  main                  INFO        [ 35/103] ERAUSDT          2025-07-17 15:57:01 UTC
2026-04-20 02:27:17  main                  INFO        [ 36/103] SYRUPUSDT        2025-07-25 02:19:50 UTC
2026-04-20 02:27:17  main                  INFO        [ 37/103] HUMAUSDT         2025-07-25 02:19:51 UTC
2026-04-20 02:27:18  main                  INFO        [ 38/103] OPUSDT           2025-07-28 04:24:25 UTC
2026-04-20 02:27:18  main                  INFO        [ 39/103] PROVEUSDT        2025-08-06 04:54:02 UTC
2026-04-20 02:27:18  main                  INFO        [ 40/103] IPUSDT           2025-08-08 02:09:39 UTC
2026-04-20 02:27:19  main                  INFO        [ 41/103] CYBERUSDT        2025-08-12 07:30:00 UTC
2026-04-20 02:27:19  main                  INFO        [ 42/103] API3USDT         2025-08-19 07:30:00 UTC
2026-04-20 02:27:20  main                  INFO        [ 43/103] AEROUSDT         2025-08-22 00:30:00 UTC
2026-04-20 02:27:20  main                  INFO        [ 44/103] TREEUSDT         2025-08-28 05:00:00 UTC
2026-04-20 02:27:20  main                  INFO        [ 45/103] WLFIUSDT         2025-09-01 12:50:06 UTC
2026-04-20 02:27:21  main                  INFO        [ 46/103] REDUSDT          2025-09-05 07:45:00 UTC
2026-04-20 02:27:21  main                  INFO        [ 47/103] WLDUSDT          2025-09-09 10:21:09 UTC
2026-04-20 02:27:22  main                  INFO        [ 48/103] OPENUSDT         2025-09-10 04:22:36 UTC
2026-04-20 02:27:22  main                  INFO        [ 49/103] LINEAUSDT        2025-09-10 16:25:30 UTC
2026-04-20 02:27:22  main                  INFO        [ 50/103] HOLOUSDT         2025-09-11 11:55:00 UTC
2026-04-20 02:27:23  main                  INFO        [ 51/103] PUMPUSDT         2025-09-11 12:15:01 UTC
2026-04-20 02:27:23  main                  INFO        [ 52/103] AVNTUSDT         2025-09-15 04:11:01 UTC
2026-04-20 02:27:23  main                  INFO        [ 53/103] ZKCUSDT          2025-09-15 13:55:11 UTC
2026-04-20 02:27:24  main                  INFO        [ 54/103] TOSHIUSDT        2025-09-17 02:30:22 UTC
2026-04-20 02:27:24  main                  INFO        [ 55/103] EULUSDT          2025-09-17 02:30:23 UTC
2026-04-20 02:27:25  main                  INFO        [ 56/103] LAUSDT           2025-09-18 10:02:31 UTC
2026-04-20 02:27:25  main                  INFO        [ 57/103] BARDUSDT         2025-09-18 13:30:49 UTC
2026-04-20 02:27:26  main                  INFO        [ 58/103] ETHFIUSDT        2025-09-19 03:10:00 UTC
2026-04-20 02:27:26  main                  INFO        [ 59/103] SUNUSDT          2025-09-22 02:30:00 UTC
2026-04-20 02:27:27  main                  INFO        [ 60/103] 0GUSDT           2025-09-22 11:00:02 UTC
2026-04-20 02:27:27  main                  INFO        [ 61/103] FLUIDUSDT        2025-09-24 08:10:00 UTC
2026-04-20 02:27:27  main                  INFO        [ 62/103] INUSDT           2025-09-24 08:10:01 UTC
2026-04-20 02:27:28  main                  INFO        [ 63/103] XPLUSDT          2025-09-25 12:55:00 UTC
2026-04-20 02:27:28  main                  INFO        [ 64/103] MIRAUSDT         2025-09-26 12:55:00 UTC
2026-04-20 02:27:29  main                  INFO        [ 65/103] SUPERUSDT        2025-09-29 08:53:51 UTC
2026-04-20 02:27:29  main                  INFO        [ 66/103] FFUSDT           2025-09-29 12:55:22 UTC
2026-04-20 02:27:29  main                  INFO        [ 67/103] SOMIUSDT         2025-10-01 06:15:02 UTC
2026-04-20 02:27:30  main                  INFO        [ 68/103] 2ZUSDT           2025-10-02 12:55:06 UTC
2026-04-20 02:27:30  main                  INFO        [ 69/103] DOODUSDT         2025-10-07 04:35:00 UTC
2026-04-20 02:27:31  main                  INFO        [ 70/103] INUSDT           2025-10-10 06:00:00 UTC
2026-04-20 02:27:31  main                  INFO        [ 71/103] YGGUSDT          2025-10-15 05:00:00 UTC
2026-04-20 02:27:32  main                  INFO        [ 72/103] ZORAUSDT         2025-10-17 02:30:00 UTC
2026-04-20 02:27:32  main                  INFO        [ 73/103] ZBTUSDT          2025-10-17 12:55:00 UTC
2026-04-20 02:27:32  main                  INFO        [ 74/103] BIOUSDT          2025-10-20 06:35:00 UTC
2026-04-20 02:27:33  main                  INFO        [ 75/103] FUSDT            2025-10-21 05:10:00 UTC
2026-04-20 02:27:33  main                  INFO        [ 76/103] KERNELUSDT       2025-10-28 07:00:00 UTC
2026-04-20 02:27:34  main                  INFO        [ 77/103] ENSOUSDT         2025-10-29 06:30:56 UTC
2026-04-20 02:27:34  main                  INFO        [ 78/103] KITEUSDT         2025-11-03 13:14:10 UTC
2026-04-20 02:27:34  main                  INFO        [ 79/103] MMTUSDT          2025-11-04 12:25:06 UTC
2026-04-20 02:27:35  main                  INFO        [ 80/103] MMTUSDT          2025-11-05 05:47:59 UTC
2026-04-20 02:27:35  main                  INFO        [ 81/103] TRUSTUSDT        2025-11-05 10:55:05 UTC
2026-04-20 02:27:35  main                  INFO        [ 82/103] MONUSDT          2025-11-24 14:50:00 UTC
2026-04-20 02:27:36  main                  INFO        [ 83/103] PLUMEUSDT        2025-11-26 05:30:02 UTC
2026-04-20 02:27:36  main                  INFO        [ 84/103] WETUSDT          2025-12-15 09:29:44 UTC
2026-04-20 02:27:36  main                  INFO        [ 85/103] YBUSDT           2025-12-26 04:15:00 UTC
2026-04-20 02:27:37  main                  INFO        [ 86/103] ZKPUSDT          2025-12-26 06:19:43 UTC
2026-04-20 02:27:37  main                  INFO        [ 87/103] ZKUSDT           2026-01-06 07:30:15 UTC
2026-04-20 02:27:37  main                  INFO        [ 88/103] BREVUSDT         2026-01-07 02:20:01 UTC
2026-04-20 02:27:38  main                  INFO        [ 89/103] ELSAUSDT         2026-01-22 05:30:00 UTC
2026-04-20 02:27:38  main                  INFO        [ 90/103] SENTUSDT         2026-01-29 06:15:07 UTC
2026-04-20 02:27:39  main                  INFO        [ 91/103] BIRBUSDT         2026-02-03 07:00:00 UTC
2026-04-20 02:27:39  main                  INFO        [ 92/103] TAOUSDT          2026-02-16 05:00:00 UTC
2026-04-20 02:27:39  main                  INFO        [ 93/103] AZTECUSDT        2026-02-20 05:00:00 UTC
2026-04-20 02:27:40  main                  INFO        [ 94/103] SKRUSDT          2026-02-24 05:00:00 UTC
2026-04-20 02:27:40  main                  INFO        [ 95/103] ESPUSDT          2026-02-24 06:04:04 UTC
2026-04-20 02:27:40  main                  INFO        [ 96/103] CFGUSDT          2026-02-26 03:00:00 UTC
2026-04-20 02:27:41  main                  INFO        [ 97/103] ICPUSDT          2026-03-11 06:00:00 UTC
2026-04-20 02:27:41  main                  INFO        [ 98/103] ETHFIUSDT        2026-03-19 02:50:00 UTC
2026-04-20 02:27:42  main                  INFO        [ 99/103] KATUSDT          2026-03-26 09:25:02 UTC
2026-04-20 02:27:42  main                  INFO        [100/103] SKYUSDT          2026-03-31 03:00:29 UTC
2026-04-20 02:27:43  main                  INFO        [101/103] ZAMAUSDT         2026-04-14 07:48:40 UTC
2026-04-20 02:27:43  main                  INFO        [102/103] CCUSDT           2026-04-15 05:00:03 UTC
2026-04-20 02:27:44  main                  INFO        [103/103] SOONUSDT         2026-04-17 05:00:02 UTC
2026-04-20 02:27:44  main                  INFO        → 0 результатов дельты
2026-04-20 02:27:44  main                  INFO      ━ [5/6] 0/0 событий ≥ |3.0%|
2026-04-20 02:27:44  main                  INFO      ━ [6/6] Считаем RSI и тренд …
2026-04-20 02:27:44  main                  INFO      ━ Готово — 0 финальных результатов
2026-04-20 02:27:44  main                  WARNING   Нет результатов — выходим.
